#
# There is insufficient memory for the Java Runtime Environment to continue.
# Native memory allocation (mmap) failed to map 132120576 bytes for Failed to commit area from 0x0000000083a00000 to 0x000000008b800000 of length 132120576.
# Possible reasons:
#   The system is out of physical RAM or swap space
#   The process is running with CompressedOops enabled, and the Java Heap may be blocking the growth of the native heap
# Possible solutions:
#   Reduce memory load on the system
#   Increase physical memory or swap space
#   Check if swap backing store is full
#   Decrease Java heap size (-Xmx/-Xms)
#   Decrease number of Java threads
#   Decrease Java thread stack sizes (-Xss)
#   Set larger code cache with -XX:ReservedCodeCacheSize=
# This output file may be truncated or incomplete.
#
#  Out of Memory Error (./src/hotspot/os/windows/os_windows.cpp:3521), pid=13420, tid=18980
#
# JRE version:  (11.0.12+7) (build )
# Java VM: OpenJDK 64-Bit Server VM (11.0.12+7-b1504.28-7817840, mixed mode, sharing, tiered, compressed oops, g1 gc, windows-amd64)
# No core dump will be written. Minidumps are not enabled by default on client versions of Windows
#

---------------  S U M M A R Y ------------

Command Line: org.jetbrains.kotlin.cli.jvm.K2JVMCompiler @C:\Users\dbjunior\AndroidStudioProjects\Orgs\app\build\20230122_5741175976928007135.compiler.options

Host: Intel(R) Core(TM) i5-10210U CPU @ 1.60GHz, 8 cores, 7G,  Windows 10 , 64 bit Build 22621 (10.0.22621.1105)
Time: Sun Jan 22 14:06:28 2023 Hora oficial do Brasil elapsed time: 0.025919 seconds (0d 0h 0m 0s)

---------------  T H R E A D  ---------------

Current thread (0x00000216e239b800):  JavaThread "Unknown thread" [_thread_in_vm, id=18980, stack(0x000000689ba00000,0x000000689bb00000)]

Stack: [0x000000689ba00000,0x000000689bb00000]
Native frames: (J=compiled Java code, j=interpreted, Vv=VM code, C=native code)
V  [jvm.dll+0x5fbcea]
V  [jvm.dll+0x731905]
V  [jvm.dll+0x732f1d]
V  [jvm.dll+0x7335d3]
V  [jvm.dll+0x247bf8]
V  [jvm.dll+0x5f90b4]
V  [jvm.dll+0x5edc85]
V  [jvm.dll+0x305aeb]
V  [jvm.dll+0x305a5a]
V  [jvm.dll+0x305932]
V  [jvm.dll+0x30a896]
V  [jvm.dll+0x353803]
V  [jvm.dll+0x353f06]
V  [jvm.dll+0x353903]
V  [jvm.dll+0x2e0678]
V  [jvm.dll+0x2e1827]
V  [jvm.dll+0x710037]
V  [jvm.dll+0x71182c]
V  [jvm.dll+0x360da9]
V  [jvm.dll+0x6f390e]
V  [jvm.dll+0x3c9723]
V  [jvm.dll+0x3cb9b1]
C  [jli.dll+0x536b]
C  [ucrtbase.dll+0x29363]
C  [KERNEL32.DLL+0x126bd]
C  [ntdll.dll+0x5dfb8]


---------------  P R O C E S S  ---------------

Threads class SMR info:
_java_thread_list=0x00000216e01749c0, length=0, elements={
}

Java Threads: ( => current thread )

Other Threads:
  0x00000216e23b3000 GCTaskThread "GC Thread#0" [stack: 0x000000689bb00000,0x000000689bc00000] [id=15732]
  0x00000216e23e2000 ConcurrentGCThread "G1 Main Marker" [stack: 0x000000689bc00000,0x000000689bd00000] [id=13772]
  0x00000216e23e4000 ConcurrentGCThread "G1 Conc#0" [stack: 0x000000689bd00000,0x000000689be00000] [id=13192]

[error occurred during error reporting (printing all threads), id 0xc0000005, EXCEPTION_ACCESS_VIOLATION (0xc0000005) at pc=0x00007ffa6bec0be7]

VM state:not at safepoint (not fully initialized)

VM Mutex/Monitor currently owned by a thread:  ([mutex/lock_event])
[0x00000216e2398290] Heap_lock - owner thread: 0x00000216e239b800

Heap address: 0x0000000083a00000, size: 1990 MB, Compressed Oops mode: Non-zero based: 0x0000000083a00000
Narrow klass base: 0x0000000000000000, Narrow klass shift: 0

GC Heap History (0 events):
No events

Deoptimization events (0 events):
No events

Classes redefined (0 events):
No events

Internal exceptions (0 events):
No events

Events (1 events):
Event: 0.019 Loaded shared library C:\Program Files\Android\Android Studio\jre\bin\zip.dll


Dynamic libraries:
0x00007ff77f1c0000 - 0x00007ff77f1ca000 	C:\Program Files\Android\Android Studio\jre\bin\java.exe
0x00007ffac6390000 - 0x00007ffac65a4000 	C:\WINDOWS\SYSTEM32\ntdll.dll
0x00007ffac5490000 - 0x00007ffac5553000 	C:\WINDOWS\System32\KERNEL32.DLL
0x00007ffac3de0000 - 0x00007ffac417d000 	C:\WINDOWS\System32\KERNELBASE.dll
0x00007ffac3ae0000 - 0x00007ffac3bf1000 	C:\WINDOWS\System32\ucrtbase.dll
0x00007ffaaeee0000 - 0x00007ffaaeef9000 	C:\Program Files\Android\Android Studio\jre\bin\jli.dll
0x00007ffaaea50000 - 0x00007ffaaea67000 	C:\Program Files\Android\Android Studio\jre\bin\VCRUNTIME140.dll
0x00007ffac5960000 - 0x00007ffac5b0d000 	C:\WINDOWS\System32\USER32.dll
0x00007ffac38d0000 - 0x00007ffac38f6000 	C:\WINDOWS\System32\win32u.dll
0x00007ffac5e20000 - 0x00007ffac5e49000 	C:\WINDOWS\System32\GDI32.dll
0x00007ffac37b0000 - 0x00007ffac38c2000 	C:\WINDOWS\System32\gdi32full.dll
0x00007ffac3d40000 - 0x00007ffac3dda000 	C:\WINDOWS\System32\msvcp_win.dll
0x00007ffaa7d40000 - 0x00007ffaa7fce000 	C:\WINDOWS\WinSxS\amd64_microsoft.windows.common-controls_6595b64144ccf1df_6.0.22621.608_none_a9444ca7c10bb01d\COMCTL32.dll
0x00007ffac4f30000 - 0x00007ffac4fd7000 	C:\WINDOWS\System32\msvcrt.dll
0x00007ffac41a0000 - 0x00007ffac41d2000 	C:\WINDOWS\System32\IMM32.DLL
0x00007ffaabf50000 - 0x00007ffaabfed000 	C:\Program Files\Android\Android Studio\jre\bin\msvcp140.dll
0x00007ffa6bbd0000 - 0x00007ffa6c6b5000 	C:\Program Files\Android\Android Studio\jre\bin\server\jvm.dll
0x00007ffac5bd0000 - 0x00007ffac5c7e000 	C:\WINDOWS\System32\ADVAPI32.dll
0x00007ffac5b10000 - 0x00007ffac5bb4000 	C:\WINDOWS\System32\sechost.dll
0x00007ffac4290000 - 0x00007ffac43a5000 	C:\WINDOWS\System32\RPCRT4.dll
0x00007ffac5480000 - 0x00007ffac5488000 	C:\WINDOWS\System32\PSAPI.DLL
0x00007ffab8120000 - 0x00007ffab8154000 	C:\WINDOWS\SYSTEM32\WINMM.dll
0x00007ffa9e5b0000 - 0x00007ffa9e5b9000 	C:\WINDOWS\SYSTEM32\WSOCK32.dll
0x00007ffac2260000 - 0x00007ffac226a000 	C:\WINDOWS\SYSTEM32\VERSION.dll
0x00007ffac62d0000 - 0x00007ffac6341000 	C:\WINDOWS\System32\WS2_32.dll
0x00007ffac2670000 - 0x00007ffac2688000 	C:\WINDOWS\SYSTEM32\kernel.appcore.dll
0x00007ffaaf030000 - 0x00007ffaaf041000 	C:\Program Files\Android\Android Studio\jre\bin\verify.dll
0x00007ffabd300000 - 0x00007ffabd52e000 	C:\WINDOWS\SYSTEM32\DBGHELP.DLL
0x00007ffac43b0000 - 0x00007ffac473a000 	C:\WINDOWS\System32\combase.dll
0x00007ffac5560000 - 0x00007ffac5637000 	C:\WINDOWS\System32\OLEAUT32.dll
0x00007ffaa2a60000 - 0x00007ffaa2a92000 	C:\WINDOWS\SYSTEM32\dbgcore.DLL
0x00007ffac3c00000 - 0x00007ffac3c7b000 	C:\WINDOWS\System32\bcryptPrimitives.dll
0x00007ffaae280000 - 0x00007ffaae2a9000 	C:\Program Files\Android\Android Studio\jre\bin\java.dll
0x00007ffaaf6f0000 - 0x00007ffaaf6fb000 	C:\Program Files\Android\Android Studio\jre\bin\jimage.dll
0x00007ffaae260000 - 0x00007ffaae278000 	C:\Program Files\Android\Android Studio\jre\bin\zip.dll

dbghelp: loaded successfully - version: 4.0.5 - missing functions: none
symbol engine: initialized successfully - sym options: 0x614 - pdb path: .;C:\Program Files\Android\Android Studio\jre\bin;C:\WINDOWS\SYSTEM32;C:\WINDOWS\WinSxS\amd64_microsoft.windows.common-controls_6595b64144ccf1df_6.0.22621.608_none_a9444ca7c10bb01d;C:\Program Files\Android\Android Studio\jre\bin\server

VM Arguments:
java_command: org.jetbrains.kotlin.cli.jvm.K2JVMCompiler @C:\Users\dbjunior\AndroidStudioProjects\Orgs\app\build\20230122_5741175976928007135.compiler.options
java_class_path (initial): C:\Users\dbjunior\.gradle\caches\modules-2\files-2.1\org.jetbrains.kotlin\kotlin-compiler-embeddable\1.7.10\909803167c98606fcf22b4c848647c68e351d48d\kotlin-compiler-embeddable-1.7.10.jar;C:\Users\dbjunior\.gradle\caches\modules-2\files-2.1\org.jetbrains.kotlin\kotlin-reflect\1.7.10\165e600dfea6185cf5efa700756294cc4904dbeb\kotlin-reflect-1.7.10.jar;C:\Users\dbjunior\.gradle\caches\modules-2\files-2.1\org.jetbrains.kotlin\kotlin-stdlib\1.7.10\d2abf9e77736acc4450dc4a3f707fa2c10f5099d\kotlin-stdlib-1.7.10.jar;C:\Users\dbjunior\.gradle\caches\modules-2\files-2.1\org.jetbrains.kotlin\kotlin-script-runtime\1.7.10\c99c87a6988d8fd8d5142e9ed5c9f34a7cf561ee\kotlin-script-runtime-1.7.10.jar;C:\Users\dbjunior\.gradle\caches\modules-2\files-2.1\org.jetbrains.kotlin\kotlin-daemon-embeddable\1.7.10\3a9f7aef7080d3ae63126cbba4f827ed664f32fa\kotlin-daemon-embeddable-1.7.10.jar;C:\Users\dbjunior\.gradle\caches\modules-2\files-2.1\org.jetbrains.intellij.deps\trove4j\1.0.20200330\3afb14d5f9ceb459d724e907a21145e8ff394f02\trove4j-1.0.20200330.jar;C:\Users\dbjunior\.gradle\caches\modules-2\files-2.1\net.java.dev.jna\jna\5.6.0\330f2244e9030119ab3030fc3fededc86713d9cc\jna-5.6.0.jar;C:\Users\dbjunior\.gradle\caches\modules-2\files-2.1\org.jetbrains.kotlin\kotlin-stdlib-common\1.7.10\bac80c520d0a9e3f3673bc2658c6ed02ef45a76a\kotlin-stdlib-common-1.7.10.jar;C:\Users\dbjunior\.gradle\caches\modules-2\files-2.1\org.jetbrains\annotations\13.0\919f0dfe192fb4e063e7dacadee7f8bb9a2672a9\annotations-13.0.jar
Launcher Type: SUN_STANDARD

[Global flags]
     intx CICompilerCount                          = 4                                         {product} {ergonomic}
     uint ConcGCThreads                            = 2                                         {product} {ergonomic}
     uint G1ConcRefinementThreads                  = 8                                         {product} {ergonomic}
   size_t G1HeapRegionSize                         = 1048576                                   {product} {ergonomic}
    uintx GCDrainStackTargetSize                   = 64                                        {product} {ergonomic}
   size_t InitialHeapSize                          = 132120576                                 {product} {ergonomic}
   size_t MarkStackSize                            = 4194304                                   {product} {ergonomic}
   size_t MaxHeapSize                              = 2086666240                                {product} {ergonomic}
   size_t MinHeapDeltaBytes                        = 1048576                                   {product} {ergonomic}
    uintx NonNMethodCodeHeapSize                   = 5836300                                {pd product} {ergonomic}
    uintx NonProfiledCodeHeapSize                  = 122910970                              {pd product} {ergonomic}
    uintx ProfiledCodeHeapSize                     = 122910970                              {pd product} {ergonomic}
    uintx ReservedCodeCacheSize                    = 251658240                              {pd product} {ergonomic}
     bool SegmentedCodeCache                       = true                                      {product} {ergonomic}
     bool UseCompressedClassPointers               = true                                 {lp64_product} {ergonomic}
     bool UseCompressedOops                        = true                                 {lp64_product} {ergonomic}
     bool UseG1GC                                  = true                                      {product} {ergonomic}
     bool UseLargePagesIndividualAllocation        = false                                  {pd product} {ergonomic}

Logging:
Log output configuration:
 #0: stdout all=warning uptime,level,tags
 #1: stderr all=off uptime,level,tags

Environment Variables:
JAVA_HOME=C:\Program Files\Java\jdk-18.0.2.1
PATH=C:\Program Files\Common Files\Oracle\Java\javapath;C:\Program Files (x86)\Common Files\Oracle\Java\javapath;C:\WINDOWS\system32;C:\WINDOWS;C:\WINDOWS\System32\Wbem;C:\WINDOWS\System32\WindowsPowerShell\v1.0\;C:\WINDOWS\System32\OpenSSH\;C:\Program Files (x86)\dotnet\;C:\Program Files\Java\jdk-18.0.2.1\bin;C:\Program Files\Git\cmd;C:\Program Files\dotnet\;C:\Users\dbjunior\AppData\Local\Microsoft\WindowsApps;;C:\Users\dbjunior\AppData\Local\Programs\Microsoft VS Code\bin
USERNAME=dbjunior
OS=Windows_NT
PROCESSOR_IDENTIFIER=Intel64 Family 6 Model 142 Stepping 12, GenuineIntel



---------------  S Y S T E M  ---------------

OS: Windows 10 , 64 bit Build 22621 (10.0.22621.1105)
OS uptime: 4 days 1:17 hours
Hyper-V role detected

CPU:total 8 (initial active 8) (4 cores per cpu, 2 threads per core) family 6 model 142 stepping 12 microcode 0xde, cmov, cx8, fxsr, mmx, sse, sse2, sse3, ssse3, sse4.1, sse4.2, popcnt, avx, avx2, aes, clmul, erms, 3dnowpref, lzcnt, ht, tsc, tscinvbit, bmi1, bmi2, adx, fma

Memory: 4k page, system-wide physical 7952M (412M free)
TotalPageFile size 32528M (AvailPageFile size 115M)
current process WorkingSet (physical memory assigned to process): 10M, peak: 10M
current process commit charge ("private bytes"): 60M, peak: 186M

vm_info: OpenJDK 64-Bit Server VM (11.0.12+7-b1504.28-7817840) for windows-amd64 JRE (11.0.12+7-b1504.28-7817840), built on Oct 13 2021 22:12:33 by "builder" with MS VC++ 14.0 (VS2015)

END.
