#
# There is insufficient memory for the Java Runtime Environment to continue.
# Native memory allocation (malloc) failed to allocate 556336 bytes for Chunk::new
# Possible reasons:
#   The system is out of physical RAM or swap space
#   The process is running with CompressedOops enabled, and the Java Heap may be blocking the growth of the native heap
# Possible solutions:
#   Reduce memory load on the system
#   Increase physical memory or swap space
#   Check if swap backing store is full
#   Decrease Java heap size (-Xmx/-Xms)
#   Decrease number of Java threads
#   Decrease Java thread stack sizes (-Xss)
#   Set larger code cache with -XX:ReservedCodeCacheSize=
#   JVM is running with Unscaled Compressed Oops mode in which the Java heap is
#     placed in the first 4GB address space. The Java Heap base address is the
#     maximum limit for the native heap growth. Please use -XX:HeapBaseMinAddress
#     to set the Java Heap base and to place the Java Heap above 4GB virtual address.
# This output file may be truncated or incomplete.
#
#  Out of Memory Error (./src/hotspot/share/memory/arena.cpp:197), pid=10208, tid=18328
#
# JRE version: OpenJDK Runtime Environment (11.0.12+7) (build 11.0.12+7-b1504.28-7817840)
# Java VM: OpenJDK 64-Bit Server VM (11.0.12+7-b1504.28-7817840, mixed mode, tiered, compressed oops, g1 gc, windows-amd64)
# No core dump will be written. Minidumps are not enabled by default on client versions of Windows
#

---------------  S U M M A R Y ------------

Command Line: -Djava.awt.headless=true -Djava.util.logging.config.file=C:\Users\dbjunior\.android\utp\logging8253315720410955009properties -Dfile.encoding=UTF-8 -Duser.country=BR -Duser.language=pt -Duser.variant com.google.testing.platform.launcher.Launcher C:\Users\dbjunior\.gradle\caches\modules-2\files-2.1\com.google.testing.platform\core\0.0.8-alpha07\185ff5f0c2380a7a283320bc5ec9130dbcbbb030\core-0.0.8-alpha07.jar --proto_config=C:\Users\dbjunior\.android\utp\runnerConfig11959102516432722811.pb --proto_server_config=C:\Users\dbjunior\.android\utp\serverConfig6604307599364166378.pb

Host: Intel(R) Core(TM) i5-10210U CPU @ 1.60GHz, 8 cores, 7G,  Windows 10 , 64 bit Build 22621 (10.0.22621.1105)
Time: Sun Jan 22 13:53:41 2023 Hora oficial do Brasil elapsed time: 4.972398 seconds (0d 0h 0m 4s)

---------------  T H R E A D  ---------------

Current thread (0x00000167f7d98800):  JavaThread "C2 CompilerThread0" daemon [_thread_in_native, id=18328, stack(0x0000001300000000,0x0000001300100000)]


Current CompileTask:
C2:   4972 1806       4       sun.security.util.AbstractAlgorithmConstraints::checkAlgorithm (140 bytes)

Stack: [0x0000001300000000,0x0000001300100000]
Native frames: (J=compiled Java code, j=interpreted, Vv=VM code, C=native code)
V  [jvm.dll+0x5fbcea]
V  [jvm.dll+0x731905]
V  [jvm.dll+0x732f1d]
V  [jvm.dll+0x7335d3]
V  [jvm.dll+0x247bf8]
V  [jvm.dll+0xc018c]
V  [jvm.dll+0xc06cc]
V  [jvm.dll+0x35b31d]
V  [jvm.dll+0x19d0bc]
V  [jvm.dll+0x20070e]
V  [jvm.dll+0x1ff794]
V  [jvm.dll+0x18868c]
V  [jvm.dll+0x20e0d7]
V  [jvm.dll+0x20c901]
V  [jvm.dll+0x6f9b7f]
V  [jvm.dll+0x6f26a5]
V  [jvm.dll+0x5fabf6]
C  [ucrtbase.dll+0x29363]
C  [KERNEL32.DLL+0x126bd]
C  [ntdll.dll+0x5dfb8]


---------------  P R O C E S S  ---------------

Threads class SMR info:
_java_thread_list=0x00000167fa2d0e90, length=26, elements={
0x00000167ddad7800, 0x00000167f7d75000, 0x00000167f7d7e000, 0x00000167f7d92000,
0x00000167f7d93000, 0x00000167f7d97000, 0x00000167f7d98800, 0x00000167f870a800,
0x00000167f8710800, 0x00000167f885f800, 0x00000167f9e8b800, 0x00000167faad9800,
0x00000167fa84e000, 0x00000167fa40c800, 0x00000167fa59b000, 0x00000167fa42e000,
0x00000167fc145000, 0x00000167fc13e800, 0x00000167fc12d800, 0x00000167fa3ef000,
0x00000167fa3ee000, 0x00000167fa3ef800, 0x00000167fa3f0800, 0x00000167fc84d000,
0x00000167fc84c000, 0x00000167fc847000
}

Java Threads: ( => current thread )
  0x00000167ddad7800 JavaThread "main" [_thread_blocked, id=21192, stack(0x000000137f400000,0x000000137f500000)]
  0x00000167f7d75000 JavaThread "Reference Handler" daemon [_thread_blocked, id=7224, stack(0x000000137fb00000,0x000000137fc00000)]
  0x00000167f7d7e000 JavaThread "Finalizer" daemon [_thread_blocked, id=20696, stack(0x000000137fc00000,0x000000137fd00000)]
  0x00000167f7d92000 JavaThread "Signal Dispatcher" daemon [_thread_blocked, id=20692, stack(0x000000137fd00000,0x000000137fe00000)]
  0x00000167f7d93000 JavaThread "Attach Listener" daemon [_thread_blocked, id=18124, stack(0x000000137fe00000,0x000000137ff00000)]
  0x00000167f7d97000 JavaThread "Service Thread" daemon [_thread_blocked, id=8396, stack(0x000000137ff00000,0x0000001380000000)]
=>0x00000167f7d98800 JavaThread "C2 CompilerThread0" daemon [_thread_in_native, id=18328, stack(0x0000001300000000,0x0000001300100000)]
  0x00000167f870a800 JavaThread "C1 CompilerThread0" daemon [_thread_blocked, id=6788, stack(0x0000001300100000,0x0000001300200000)]
  0x00000167f8710800 JavaThread "Sweeper thread" daemon [_thread_blocked, id=11308, stack(0x0000001300200000,0x0000001300300000)]
  0x00000167f885f800 JavaThread "Common-Cleaner" daemon [_thread_blocked, id=14712, stack(0x0000001300400000,0x0000001300500000)]
  0x00000167f9e8b800 JavaThread "grpc-nio-worker-ELG-4-1" daemon [_thread_in_native, id=14120, stack(0x0000001300800000,0x0000001300900000)]
  0x00000167faad9800 JavaThread "grpc-default-executor-0" daemon [_thread_blocked, id=19468, stack(0x0000001300900000,0x0000001300a00000)]
  0x00000167fa84e000 JavaThread "Monitor" [_thread_in_native, id=11980, stack(0x0000001300a00000,0x0000001300b00000)]
  0x00000167fa40c800 JavaThread "JdwpProxyConnection" [_thread_in_native, id=17504, stack(0x0000001300b00000,0x0000001300c00000)]
  0x00000167fa59b000 JavaThread "Device Client Monitor" [_thread_in_native, id=20164, stack(0x0000001300c00000,0x0000001300d00000)]
  0x00000167fa42e000 JavaThread "Device List Monitor" [_thread_in_native, id=22016, stack(0x0000001300d00000,0x0000001300e00000)]
  0x00000167fc145000 JavaThread "DefaultDispatcher-worker-1" daemon [_thread_blocked, id=19128, stack(0x0000001300e00000,0x0000001300f00000)]
  0x00000167fc13e800 JavaThread "DefaultDispatcher-worker-2" daemon [_thread_blocked, id=10332, stack(0x0000001301400000,0x0000001301500000)]
  0x00000167fc12d800 JavaThread "kotlinx.coroutines.DefaultExecutor" daemon [_thread_blocked, id=15508, stack(0x0000001301500000,0x0000001301600000)]
  0x00000167fa3ef000 JavaThread "grpc-nio-worker-ELG-4-2" daemon [_thread_in_native, id=17624, stack(0x0000001301600000,0x0000001301700000)]
  0x00000167fa3ee000 JavaThread "grpc-nio-worker-ELG-4-3" daemon [_thread_in_native, id=14248, stack(0x0000001301800000,0x0000001301900000)]
  0x00000167fa3ef800 JavaThread "grpc-nio-worker-ELG-4-4" daemon [_thread_in_native, id=12588, stack(0x0000001301900000,0x0000001301a00000)]
  0x00000167fa3f0800 JavaThread "grpc-nio-worker-ELG-4-5" daemon [_thread_in_native, id=20352, stack(0x0000001301a00000,0x0000001301b00000)]
  0x00000167fc84d000 JavaThread "grpc-default-executor-1" daemon [_thread_blocked, id=5948, stack(0x0000001301b00000,0x0000001301c00000)]
  0x00000167fc84c000 JavaThread "grpc-nio-worker-ELG-4-6" daemon [_thread_in_native, id=19844, stack(0x0000001301c00000,0x0000001301d00000)]
  0x00000167fc847000 JavaThread "grpc-nio-worker-ELG-4-7" daemon [_thread_in_native, id=7212, stack(0x0000001301d00000,0x0000001301e00000)]

Other Threads:
  0x00000167f7d70800 VMThread "VM Thread" [stack: 0x000000137fa00000,0x000000137fb00000] [id=14972]
  0x00000167f8857000 WatcherThread [stack: 0x0000001300300000,0x0000001300400000] [id=20432]
  0x00000167ddaf0000 GCTaskThread "GC Thread#0" [stack: 0x000000137f500000,0x000000137f600000] [id=17788]
  0x00000167f8cf7800 GCTaskThread "GC Thread#1" [stack: 0x0000001300500000,0x0000001300600000] [id=11092]
  0x00000167f8ea5800 GCTaskThread "GC Thread#2" [stack: 0x0000001300600000,0x0000001300700000] [id=15240]
  0x00000167fa8c5800 GCTaskThread "GC Thread#3" [stack: 0x0000001300f00000,0x0000001301000000] [id=6304]
  0x00000167fa8c6000 GCTaskThread "GC Thread#4" [stack: 0x0000001301000000,0x0000001301100000] [id=292]
  0x00000167fc304800 GCTaskThread "GC Thread#5" [stack: 0x0000001301100000,0x0000001301200000] [id=3452]
  0x00000167fc306800 GCTaskThread "GC Thread#6" [stack: 0x0000001301200000,0x0000001301300000] [id=19220]
  0x00000167fc307000 GCTaskThread "GC Thread#7" [stack: 0x0000001301300000,0x0000001301400000] [id=18632]
  0x00000167ddb20800 ConcurrentGCThread "G1 Main Marker" [stack: 0x000000137f600000,0x000000137f700000] [id=2732]
  0x00000167ddb22800 ConcurrentGCThread "G1 Conc#0" [stack: 0x000000137f700000,0x000000137f800000] [id=19856]
  0x00000167f907b800 ConcurrentGCThread "G1 Conc#1" [stack: 0x0000001300700000,0x0000001300800000] [id=12380]
  0x00000167f7bc0800 ConcurrentGCThread "G1 Refine#0" [stack: 0x000000137f800000,0x000000137f900000] [id=20836]
  0x00000167ddbaa000 ConcurrentGCThread "G1 Young RemSet Sampling" [stack: 0x000000137f900000,0x000000137fa00000] [id=19168]

Threads with active compile tasks:
C2 CompilerThread0   5025 1806       4       sun.security.util.AbstractAlgorithmConstraints::checkAlgorithm (140 bytes)

VM state:not at safepoint (normal execution)

VM Mutex/Monitor currently owned by a thread: None

OutOfMemory and StackOverflow Exception counts:
OutOfMemoryError java_heap_errors=4
LinkageErrors=25

Heap address: 0x0000000083a00000, size: 1990 MB, Compressed Oops mode: 32-bit
Narrow klass base: 0x0000000000000000, Narrow klass shift: 3
Compressed class space size: 1073741824 Address: 0x0000000100000000

Heap:
 garbage-first heap   total 129024K, used 26089K [0x0000000083a00000, 0x0000000100000000)
  region size 1024K, 21 young (21504K), 5 survivors (5120K)
 Metaspace       used 31998K, capacity 32691K, committed 32816K, reserved 1079296K
  class space    used 3670K, capacity 3889K, committed 3968K, reserved 1048576K
Heap Regions: E=young(eden), S=young(survivor), O=old, HS=humongous(starts), HC=humongous(continues), CS=collection set, F=free, A=archive, TAMS=top-at-mark-start (previous, next)
|   0|0x0000000083a00000, 0x0000000083b00000, 0x0000000083b00000|100%|HS|  |TAMS 0x0000000083b00000, 0x0000000083a00000| Complete 
|   1|0x0000000083b00000, 0x0000000083c00000, 0x0000000083c00000|100%|HS|  |TAMS 0x0000000083c00000, 0x0000000083b00000| Complete 
|   2|0x0000000083c00000, 0x0000000083d00000, 0x0000000083d00000|100%|HC|  |TAMS 0x0000000083d00000, 0x0000000083c00000| Complete 
|   3|0x0000000083d00000, 0x0000000083e00000, 0x0000000083e00000|100%| O|  |TAMS 0x0000000083d00000, 0x0000000083d00000| Untracked 
|   4|0x0000000083e00000, 0x0000000083f00000, 0x0000000083f00000|100%| O|  |TAMS 0x0000000083e61a00, 0x0000000083e00000| Untracked 
|   5|0x0000000083f00000, 0x0000000084000000, 0x0000000084000000|100%| O|  |TAMS 0x0000000083f00000, 0x0000000083f00000| Untracked 
|   6|0x0000000084000000, 0x000000008407a600, 0x0000000084100000| 47%| O|  |TAMS 0x0000000084000000, 0x0000000084000000| Untracked 
|   7|0x0000000084100000, 0x0000000084100000, 0x0000000084200000|  0%| F|  |TAMS 0x0000000084100000, 0x0000000084100000| Untracked 
|   8|0x0000000084200000, 0x0000000084200000, 0x0000000084300000|  0%| F|  |TAMS 0x0000000084200000, 0x0000000084200000| Untracked 
|   9|0x0000000084300000, 0x0000000084300000, 0x0000000084400000|  0%| F|  |TAMS 0x0000000084300000, 0x0000000084300000| Untracked 
|  10|0x0000000084400000, 0x0000000084400000, 0x0000000084500000|  0%| F|  |TAMS 0x0000000084400000, 0x0000000084400000| Untracked 
|  11|0x0000000084500000, 0x0000000084500000, 0x0000000084600000|  0%| F|  |TAMS 0x0000000084500000, 0x0000000084500000| Untracked 
|  12|0x0000000084600000, 0x0000000084600000, 0x0000000084700000|  0%| F|  |TAMS 0x0000000084600000, 0x0000000084600000| Untracked 
|  13|0x0000000084700000, 0x0000000084700000, 0x0000000084800000|  0%| F|  |TAMS 0x0000000084700000, 0x0000000084700000| Untracked 
|  14|0x0000000084800000, 0x0000000084800000, 0x0000000084900000|  0%| F|  |TAMS 0x0000000084800000, 0x0000000084800000| Untracked 
|  15|0x0000000084900000, 0x0000000084900000, 0x0000000084a00000|  0%| F|  |TAMS 0x0000000084900000, 0x0000000084900000| Untracked 
|  16|0x0000000084a00000, 0x0000000084a00000, 0x0000000084b00000|  0%| F|  |TAMS 0x0000000084a00000, 0x0000000084a00000| Untracked 
|  17|0x0000000084b00000, 0x0000000084b00000, 0x0000000084c00000|  0%| F|  |TAMS 0x0000000084b00000, 0x0000000084b00000| Untracked 
|  18|0x0000000084c00000, 0x0000000084c00000, 0x0000000084d00000|  0%| F|  |TAMS 0x0000000084c00000, 0x0000000084c00000| Untracked 
|  19|0x0000000084d00000, 0x0000000084d00000, 0x0000000084e00000|  0%| F|  |TAMS 0x0000000084d00000, 0x0000000084d00000| Untracked 
|  20|0x0000000084e00000, 0x0000000084e00000, 0x0000000084f00000|  0%| F|  |TAMS 0x0000000084e00000, 0x0000000084e00000| Untracked 
|  21|0x0000000084f00000, 0x0000000084f00000, 0x0000000085000000|  0%| F|  |TAMS 0x0000000084f00000, 0x0000000084f00000| Untracked 
|  22|0x0000000085000000, 0x0000000085000000, 0x0000000085100000|  0%| F|  |TAMS 0x0000000085000000, 0x0000000085000000| Untracked 
|  23|0x0000000085100000, 0x0000000085100000, 0x0000000085200000|  0%| F|  |TAMS 0x0000000085100000, 0x0000000085100000| Untracked 
|  24|0x0000000085200000, 0x0000000085200000, 0x0000000085300000|  0%| F|  |TAMS 0x0000000085200000, 0x0000000085200000| Untracked 
|  25|0x0000000085300000, 0x0000000085300000, 0x0000000085400000|  0%| F|  |TAMS 0x0000000085300000, 0x0000000085300000| Untracked 
|  26|0x0000000085400000, 0x0000000085400000, 0x0000000085500000|  0%| F|  |TAMS 0x0000000085400000, 0x0000000085400000| Untracked 
|  27|0x0000000085500000, 0x0000000085500000, 0x0000000085600000|  0%| F|  |TAMS 0x0000000085500000, 0x0000000085500000| Untracked 
|  28|0x0000000085600000, 0x0000000085600000, 0x0000000085700000|  0%| F|  |TAMS 0x0000000085600000, 0x0000000085600000| Untracked 
|  29|0x0000000085700000, 0x0000000085700000, 0x0000000085800000|  0%| F|  |TAMS 0x0000000085700000, 0x0000000085700000| Untracked 
|  30|0x0000000085800000, 0x0000000085800000, 0x0000000085900000|  0%| F|  |TAMS 0x0000000085800000, 0x0000000085800000| Untracked 
|  31|0x0000000085900000, 0x0000000085900000, 0x0000000085a00000|  0%| F|  |TAMS 0x0000000085900000, 0x0000000085900000| Untracked 
|  32|0x0000000085a00000, 0x0000000085a00000, 0x0000000085b00000|  0%| F|  |TAMS 0x0000000085a00000, 0x0000000085a00000| Untracked 
|  33|0x0000000085b00000, 0x0000000085b00000, 0x0000000085c00000|  0%| F|  |TAMS 0x0000000085b00000, 0x0000000085b00000| Untracked 
|  34|0x0000000085c00000, 0x0000000085c00000, 0x0000000085d00000|  0%| F|  |TAMS 0x0000000085c00000, 0x0000000085c00000| Untracked 
|  35|0x0000000085d00000, 0x0000000085d00000, 0x0000000085e00000|  0%| F|  |TAMS 0x0000000085d00000, 0x0000000085d00000| Untracked 
|  36|0x0000000085e00000, 0x0000000085e00000, 0x0000000085f00000|  0%| F|  |TAMS 0x0000000085e00000, 0x0000000085e00000| Untracked 
|  37|0x0000000085f00000, 0x0000000085f00000, 0x0000000086000000|  0%| F|  |TAMS 0x0000000085f00000, 0x0000000085f00000| Untracked 
|  38|0x0000000086000000, 0x0000000086000000, 0x0000000086100000|  0%| F|  |TAMS 0x0000000086000000, 0x0000000086000000| Untracked 
|  39|0x0000000086100000, 0x0000000086100000, 0x0000000086200000|  0%| F|  |TAMS 0x0000000086100000, 0x0000000086100000| Untracked 
|  40|0x0000000086200000, 0x0000000086200000, 0x0000000086300000|  0%| F|  |TAMS 0x0000000086200000, 0x0000000086200000| Untracked 
|  41|0x0000000086300000, 0x0000000086300000, 0x0000000086400000|  0%| F|  |TAMS 0x0000000086300000, 0x0000000086300000| Untracked 
|  42|0x0000000086400000, 0x0000000086400000, 0x0000000086500000|  0%| F|  |TAMS 0x0000000086400000, 0x0000000086400000| Untracked 
|  43|0x0000000086500000, 0x0000000086500000, 0x0000000086600000|  0%| F|  |TAMS 0x0000000086500000, 0x0000000086500000| Untracked 
|  44|0x0000000086600000, 0x0000000086600000, 0x0000000086700000|  0%| F|  |TAMS 0x0000000086600000, 0x0000000086600000| Untracked 
|  45|0x0000000086700000, 0x0000000086700000, 0x0000000086800000|  0%| F|  |TAMS 0x0000000086700000, 0x0000000086700000| Untracked 
|  46|0x0000000086800000, 0x0000000086800000, 0x0000000086900000|  0%| F|  |TAMS 0x0000000086800000, 0x0000000086800000| Untracked 
|  47|0x0000000086900000, 0x0000000086900000, 0x0000000086a00000|  0%| F|  |TAMS 0x0000000086900000, 0x0000000086900000| Untracked 
|  48|0x0000000086a00000, 0x0000000086a00000, 0x0000000086b00000|  0%| F|  |TAMS 0x0000000086a00000, 0x0000000086a00000| Untracked 
|  49|0x0000000086b00000, 0x0000000086b00000, 0x0000000086c00000|  0%| F|  |TAMS 0x0000000086b00000, 0x0000000086b00000| Untracked 
|  50|0x0000000086c00000, 0x0000000086c00000, 0x0000000086d00000|  0%| F|  |TAMS 0x0000000086c00000, 0x0000000086c00000| Untracked 
|  51|0x0000000086d00000, 0x0000000086d00000, 0x0000000086e00000|  0%| F|  |TAMS 0x0000000086d00000, 0x0000000086d00000| Untracked 
|  52|0x0000000086e00000, 0x0000000086e00000, 0x0000000086f00000|  0%| F|  |TAMS 0x0000000086e00000, 0x0000000086e00000| Untracked 
|  53|0x0000000086f00000, 0x0000000086f00000, 0x0000000087000000|  0%| F|  |TAMS 0x0000000086f00000, 0x0000000086f00000| Untracked 
|  54|0x0000000087000000, 0x0000000087000000, 0x0000000087100000|  0%| F|  |TAMS 0x0000000087000000, 0x0000000087000000| Untracked 
|  55|0x0000000087100000, 0x0000000087100000, 0x0000000087200000|  0%| F|  |TAMS 0x0000000087100000, 0x0000000087100000| Untracked 
|  56|0x0000000087200000, 0x0000000087200000, 0x0000000087300000|  0%| F|  |TAMS 0x0000000087200000, 0x0000000087200000| Untracked 
|  57|0x0000000087300000, 0x0000000087300000, 0x0000000087400000|  0%| F|  |TAMS 0x0000000087300000, 0x0000000087300000| Untracked 
|  58|0x0000000087400000, 0x0000000087400000, 0x0000000087500000|  0%| F|  |TAMS 0x0000000087400000, 0x0000000087400000| Untracked 
|  59|0x0000000087500000, 0x0000000087500000, 0x0000000087600000|  0%| F|  |TAMS 0x0000000087500000, 0x0000000087500000| Untracked 
|  60|0x0000000087600000, 0x0000000087600000, 0x0000000087700000|  0%| F|  |TAMS 0x0000000087600000, 0x0000000087600000| Untracked 
|  61|0x0000000087700000, 0x0000000087700000, 0x0000000087800000|  0%| F|  |TAMS 0x0000000087700000, 0x0000000087700000| Untracked 
|  62|0x0000000087800000, 0x0000000087800000, 0x0000000087900000|  0%| F|  |TAMS 0x0000000087800000, 0x0000000087800000| Untracked 
|  63|0x0000000087900000, 0x0000000087900000, 0x0000000087a00000|  0%| F|  |TAMS 0x0000000087900000, 0x0000000087900000| Untracked 
|  64|0x0000000087a00000, 0x0000000087a00000, 0x0000000087b00000|  0%| F|  |TAMS 0x0000000087a00000, 0x0000000087a00000| Untracked 
|  65|0x0000000087b00000, 0x0000000087b00000, 0x0000000087c00000|  0%| F|  |TAMS 0x0000000087b00000, 0x0000000087b00000| Untracked 
|  66|0x0000000087c00000, 0x0000000087c00000, 0x0000000087d00000|  0%| F|  |TAMS 0x0000000087c00000, 0x0000000087c00000| Untracked 
|  67|0x0000000087d00000, 0x0000000087d00000, 0x0000000087e00000|  0%| F|  |TAMS 0x0000000087d00000, 0x0000000087d00000| Untracked 
|  68|0x0000000087e00000, 0x0000000087e00000, 0x0000000087f00000|  0%| F|  |TAMS 0x0000000087e00000, 0x0000000087e00000| Untracked 
|  69|0x0000000087f00000, 0x0000000087f00000, 0x0000000088000000|  0%| F|  |TAMS 0x0000000087f00000, 0x0000000087f00000| Untracked 
|  70|0x0000000088000000, 0x0000000088000000, 0x0000000088100000|  0%| F|  |TAMS 0x0000000088000000, 0x0000000088000000| Untracked 
|  71|0x0000000088100000, 0x0000000088100000, 0x0000000088200000|  0%| F|  |TAMS 0x0000000088100000, 0x0000000088100000| Untracked 
|  72|0x0000000088200000, 0x0000000088200000, 0x0000000088300000|  0%| F|  |TAMS 0x0000000088200000, 0x0000000088200000| Untracked 
|  73|0x0000000088300000, 0x0000000088300000, 0x0000000088400000|  0%| F|  |TAMS 0x0000000088300000, 0x0000000088300000| Untracked 
|  74|0x0000000088400000, 0x0000000088400000, 0x0000000088500000|  0%| F|  |TAMS 0x0000000088400000, 0x0000000088400000| Untracked 
|  75|0x0000000088500000, 0x0000000088500000, 0x0000000088600000|  0%| F|  |TAMS 0x0000000088500000, 0x0000000088500000| Untracked 
|  76|0x0000000088600000, 0x0000000088600000, 0x0000000088700000|  0%| F|  |TAMS 0x0000000088600000, 0x0000000088600000| Untracked 
|  77|0x0000000088700000, 0x0000000088700000, 0x0000000088800000|  0%| F|  |TAMS 0x0000000088700000, 0x0000000088700000| Untracked 
|  78|0x0000000088800000, 0x0000000088800000, 0x0000000088900000|  0%| F|  |TAMS 0x0000000088800000, 0x0000000088800000| Untracked 
|  79|0x0000000088900000, 0x0000000088900000, 0x0000000088a00000|  0%| F|  |TAMS 0x0000000088900000, 0x0000000088900000| Untracked 
|  80|0x0000000088a00000, 0x0000000088a00000, 0x0000000088b00000|  0%| F|  |TAMS 0x0000000088a00000, 0x0000000088a00000| Untracked 
|  81|0x0000000088b00000, 0x0000000088c00000, 0x0000000088c00000|100%| S|CS|TAMS 0x0000000088b00000, 0x0000000088b00000| Complete 
|  82|0x0000000088c00000, 0x0000000088d00000, 0x0000000088d00000|100%| S|CS|TAMS 0x0000000088c00000, 0x0000000088c00000| Complete 
|  83|0x0000000088d00000, 0x0000000088e00000, 0x0000000088e00000|100%| S|CS|TAMS 0x0000000088d00000, 0x0000000088d00000| Complete 
|  84|0x0000000088e00000, 0x0000000088f00000, 0x0000000088f00000|100%| S|CS|TAMS 0x0000000088e00000, 0x0000000088e00000| Complete 
|  85|0x0000000088f00000, 0x0000000089000000, 0x0000000089000000|100%| S|CS|TAMS 0x0000000088f00000, 0x0000000088f00000| Complete 
|  86|0x0000000089000000, 0x0000000089000000, 0x0000000089100000|  0%| F|  |TAMS 0x0000000089000000, 0x0000000089000000| Untracked 
|  87|0x0000000089100000, 0x0000000089100000, 0x0000000089200000|  0%| F|  |TAMS 0x0000000089100000, 0x0000000089100000| Untracked 
|  88|0x0000000089200000, 0x0000000089200000, 0x0000000089300000|  0%| F|  |TAMS 0x0000000089200000, 0x0000000089200000| Untracked 
|  89|0x0000000089300000, 0x0000000089300000, 0x0000000089400000|  0%| F|  |TAMS 0x0000000089300000, 0x0000000089300000| Untracked 
|  90|0x0000000089400000, 0x0000000089400000, 0x0000000089500000|  0%| F|  |TAMS 0x0000000089400000, 0x0000000089400000| Untracked 
|  91|0x0000000089500000, 0x0000000089500000, 0x0000000089600000|  0%| F|  |TAMS 0x0000000089500000, 0x0000000089500000| Untracked 
|  92|0x0000000089600000, 0x0000000089600000, 0x0000000089700000|  0%| F|  |TAMS 0x0000000089600000, 0x0000000089600000| Untracked 
|  93|0x0000000089700000, 0x0000000089700000, 0x0000000089800000|  0%| F|  |TAMS 0x0000000089700000, 0x0000000089700000| Untracked 
|  94|0x0000000089800000, 0x0000000089800000, 0x0000000089900000|  0%| F|  |TAMS 0x0000000089800000, 0x0000000089800000| Untracked 
|  95|0x0000000089900000, 0x0000000089900000, 0x0000000089a00000|  0%| F|  |TAMS 0x0000000089900000, 0x0000000089900000| Untracked 
|  96|0x0000000089a00000, 0x0000000089a00000, 0x0000000089b00000|  0%| F|  |TAMS 0x0000000089a00000, 0x0000000089a00000| Untracked 
|  97|0x0000000089b00000, 0x0000000089b00000, 0x0000000089c00000|  0%| F|  |TAMS 0x0000000089b00000, 0x0000000089b00000| Untracked 
|  98|0x0000000089c00000, 0x0000000089c00000, 0x0000000089d00000|  0%| F|  |TAMS 0x0000000089c00000, 0x0000000089c00000| Untracked 
|  99|0x0000000089d00000, 0x0000000089d00000, 0x0000000089e00000|  0%| F|  |TAMS 0x0000000089d00000, 0x0000000089d00000| Untracked 
| 100|0x0000000089e00000, 0x0000000089e00000, 0x0000000089f00000|  0%| F|  |TAMS 0x0000000089e00000, 0x0000000089e00000| Untracked 
| 101|0x0000000089f00000, 0x0000000089f00000, 0x000000008a000000|  0%| F|  |TAMS 0x0000000089f00000, 0x0000000089f00000| Untracked 
| 102|0x000000008a000000, 0x000000008a000000, 0x000000008a100000|  0%| F|  |TAMS 0x000000008a000000, 0x000000008a000000| Untracked 
| 103|0x000000008a100000, 0x000000008a100000, 0x000000008a200000|  0%| F|  |TAMS 0x000000008a100000, 0x000000008a100000| Untracked 
| 104|0x000000008a200000, 0x000000008a200000, 0x000000008a300000|  0%| F|  |TAMS 0x000000008a200000, 0x000000008a200000| Untracked 
| 105|0x000000008a300000, 0x000000008a300000, 0x000000008a400000|  0%| F|  |TAMS 0x000000008a300000, 0x000000008a300000| Untracked 
| 106|0x000000008a400000, 0x000000008a400000, 0x000000008a500000|  0%| F|  |TAMS 0x000000008a400000, 0x000000008a400000| Untracked 
| 107|0x000000008a500000, 0x000000008a500000, 0x000000008a600000|  0%| F|  |TAMS 0x000000008a500000, 0x000000008a500000| Untracked 
| 108|0x000000008a600000, 0x000000008a600000, 0x000000008a700000|  0%| F|  |TAMS 0x000000008a600000, 0x000000008a600000| Untracked 
| 109|0x000000008a700000, 0x000000008a700000, 0x000000008a800000|  0%| F|  |TAMS 0x000000008a700000, 0x000000008a700000| Untracked 
| 110|0x000000008a800000, 0x000000008a880800, 0x000000008a900000| 50%| E|  |TAMS 0x000000008a800000, 0x000000008a800000| Complete 
| 111|0x000000008a900000, 0x000000008aa00000, 0x000000008aa00000|100%| E|CS|TAMS 0x000000008a900000, 0x000000008a900000| Complete 
| 112|0x000000008aa00000, 0x000000008ab00000, 0x000000008ab00000|100%| E|CS|TAMS 0x000000008aa00000, 0x000000008aa00000| Complete 
| 113|0x000000008ab00000, 0x000000008ac00000, 0x000000008ac00000|100%| E|CS|TAMS 0x000000008ab00000, 0x000000008ab00000| Complete 
| 114|0x000000008ac00000, 0x000000008ad00000, 0x000000008ad00000|100%| E|CS|TAMS 0x000000008ac00000, 0x000000008ac00000| Complete 
| 115|0x000000008ad00000, 0x000000008ae00000, 0x000000008ae00000|100%| E|CS|TAMS 0x000000008ad00000, 0x000000008ad00000| Complete 
| 116|0x000000008ae00000, 0x000000008af00000, 0x000000008af00000|100%| E|CS|TAMS 0x000000008ae00000, 0x000000008ae00000| Complete 
| 117|0x000000008af00000, 0x000000008b000000, 0x000000008b000000|100%| E|CS|TAMS 0x000000008af00000, 0x000000008af00000| Complete 
| 118|0x000000008b000000, 0x000000008b100000, 0x000000008b100000|100%| E|  |TAMS 0x000000008b000000, 0x000000008b000000| Complete 
| 119|0x000000008b100000, 0x000000008b200000, 0x000000008b200000|100%| E|CS|TAMS 0x000000008b100000, 0x000000008b100000| Complete 
| 120|0x000000008b200000, 0x000000008b300000, 0x000000008b300000|100%| E|CS|TAMS 0x000000008b200000, 0x000000008b200000| Complete 
| 121|0x000000008b300000, 0x000000008b400000, 0x000000008b400000|100%| E|CS|TAMS 0x000000008b300000, 0x000000008b300000| Complete 
| 122|0x000000008b400000, 0x000000008b500000, 0x000000008b500000|100%| E|CS|TAMS 0x000000008b400000, 0x000000008b400000| Complete 
| 123|0x000000008b500000, 0x000000008b600000, 0x000000008b600000|100%| E|CS|TAMS 0x000000008b500000, 0x000000008b500000| Complete 
| 124|0x000000008b600000, 0x000000008b700000, 0x000000008b700000|100%| E|CS|TAMS 0x000000008b600000, 0x000000008b600000| Complete 
| 125|0x000000008b700000, 0x000000008b800000, 0x000000008b800000|100%| E|CS|TAMS 0x000000008b700000, 0x000000008b700000| Complete 

Card table byte_map: [0x00000167f0d00000,0x00000167f10f0000] _byte_map_base: 0x00000167f08e3000

Marking Bits (Prev, Next): (CMBitMap*) 0x00000167ddb17e70, (CMBitMap*) 0x00000167ddb17e38
 Prev Bits: [0x00000167f3400000, 0x00000167f5318000)
 Next Bits: [0x00000167f14e0000, 0x00000167f33f8000)

Polling page: 0x00000167dbaf0000

Metaspace:

Usage:
  Non-class:     28.13 MB capacity,    27.66 MB ( 98%) used,   430.35 KB (  1%) free+waste,    44.00 KB ( <1%) overhead. 
      Class:      3.80 MB capacity,     3.58 MB ( 94%) used,   199.37 KB (  5%) free+waste,    19.19 KB ( <1%) overhead. 
       Both:     31.92 MB capacity,    31.25 MB ( 98%) used,   629.72 KB (  2%) free+waste,    63.19 KB ( <1%) overhead. 

Virtual space:
  Non-class space:       30.00 MB reserved,      28.17 MB ( 94%) committed 
      Class space:        1.00 GB reserved,       3.88 MB ( <1%) committed 
             Both:        1.03 GB reserved,      32.05 MB (  3%) committed 

Chunk freelists:
   Non-Class:  46.00 KB
       Class:  15.00 KB
        Both:  61.00 KB

MaxMetaspaceSize: 17179869184.00 GB
CompressedClassSpaceSize: 1.00 GB
Initial GC threshold: 20.80 MB
Current GC threshold: 35.08 MB
CDS: off

CodeHeap 'non-profiled nmethods': size=120000Kb used=770Kb max_used=770Kb free=119229Kb
 bounds [0x00000167e90b0000, 0x00000167e9320000, 0x00000167f05e0000]
CodeHeap 'profiled nmethods': size=120000Kb used=3413Kb max_used=3413Kb free=116587Kb
 bounds [0x00000167e1b80000, 0x00000167e1ee0000, 0x00000167e90b0000]
CodeHeap 'non-nmethods': size=5760Kb used=1251Kb max_used=1302Kb free=4508Kb
 bounds [0x00000167e15e0000, 0x00000167e1850000, 0x00000167e1b80000]
 total_blobs=2383 nmethods=1849 adapters=447
 compilation: enabled
              stopped_count=0, restarted_count=0
 full_count=0

Compilation events (20 events):
Event: 4.866 Thread 0x00000167f870a800 1874       3       io.netty.buffer.PoolThreadCache$MemoryRegionCache::<init> (29 bytes)
Event: 4.867 Thread 0x00000167f870a800 nmethod 1874 0x00000167e1ed0f90 code [0x00000167e1ed11e0, 0x00000167e1ed1a38]
Event: 4.867 Thread 0x00000167f870a800 1875       3       io.netty.util.internal.PlatformDependent::newFixedMpscQueue (26 bytes)
Event: 4.867 Thread 0x00000167f870a800 nmethod 1875 0x00000167e1ed1d90 code [0x00000167e1ed1fa0, 0x00000167e1ed2508]
Event: 4.867 Thread 0x00000167f870a800 1876       3       java.util.AbstractQueue::<init> (5 bytes)
Event: 4.867 Thread 0x00000167f870a800 nmethod 1876 0x00000167e1ed2790 code [0x00000167e1ed2940, 0x00000167e1ed2af8]
Event: 4.868 Thread 0x00000167f870a800 1877       3       io.netty.util.internal.PlatformDependent::hasUnsafe (12 bytes)
Event: 4.868 Thread 0x00000167f870a800 nmethod 1877 0x00000167e1ed2c10 code [0x00000167e1ed2dc0, 0x00000167e1ed2eb8]
Event: 4.868 Thread 0x00000167f870a800 1878       3       io.netty.util.internal.shaded.org.jctools.util.Pow2::roundToPowerOfTwo (88 bytes)
Event: 4.868 Thread 0x00000167f7d98800 nmethod 1782 0x00000167e916dd90 code [0x00000167e916dfe0, 0x00000167e916ef40]
Event: 4.868 Thread 0x00000167f7d98800 1870 %     4       sun.security.provider.SHA2::implCompress0 @ 196 (466 bytes)
Event: 4.869 Thread 0x00000167f870a800 nmethod 1878 0x00000167e1ed2f90 code [0x00000167e1ed32e0, 0x00000167e1ed4428]
Event: 4.869 Thread 0x00000167f870a800 1879       3       io.netty.util.internal.shaded.org.jctools.util.UnsafeRefArrayAccess::allocateRefArray (8 bytes)
Event: 4.869 Thread 0x00000167f870a800 nmethod 1879 0x00000167e1ed4a10 code [0x00000167e1ed4bc0, 0x00000167e1ed4d38]
Event: 4.869 Thread 0x00000167f870a800 1880       3       io.netty.channel.AbstractChannelHandlerContext::executor (22 bytes)
Event: 4.869 Thread 0x00000167f870a800 nmethod 1880 0x00000167e1ed4e10 code [0x00000167e1ed4fe0, 0x00000167e1ed52e8]
Event: 4.881 Thread 0x00000167f7d98800 nmethod 1870% 0x00000167e916f590 code [0x00000167e916f740, 0x00000167e91701d8]
Event: 4.881 Thread 0x00000167f7d98800 1860       4       java.util.HashMap::getNode (148 bytes)
Event: 4.884 Thread 0x00000167f7d98800 nmethod 1860 0x00000167e9170410 code [0x00000167e91705c0, 0x00000167e91707d8]
Event: 4.884 Thread 0x00000167f7d98800 1806       4       sun.security.util.AbstractAlgorithmConstraints::checkAlgorithm (140 bytes)

GC Heap History (6 events):
Event: 2.382 GC heap before
{Heap before GC invocations=0 (full 0):
 garbage-first heap   total 129024K, used 27648K [0x0000000083a00000, 0x0000000100000000)
  region size 1024K, 24 young (24576K), 0 survivors (0K)
 Metaspace       used 15802K, capacity 16122K, committed 16384K, reserved 1064960K
  class space    used 1679K, capacity 1768K, committed 1792K, reserved 1048576K
}
Event: 2.388 GC heap after
{Heap after GC invocations=1 (full 0):
 garbage-first heap   total 129024K, used 6534K [0x0000000083a00000, 0x0000000100000000)
  region size 1024K, 3 young (3072K), 3 survivors (3072K)
 Metaspace       used 15802K, capacity 16122K, committed 16384K, reserved 1064960K
  class space    used 1679K, capacity 1768K, committed 1792K, reserved 1048576K
}
Event: 3.139 GC heap before
{Heap before GC invocations=1 (full 0):
 garbage-first heap   total 129024K, used 21894K [0x0000000083a00000, 0x0000000100000000)
  region size 1024K, 19 young (19456K), 3 survivors (3072K)
 Metaspace       used 20675K, capacity 21126K, committed 21296K, reserved 1069056K
  class space    used 2222K, capacity 2322K, committed 2432K, reserved 1048576K
}
Event: 3.145 GC heap after
{Heap after GC invocations=2 (full 0):
 garbage-first heap   total 129024K, used 9267K [0x0000000083a00000, 0x0000000100000000)
  region size 1024K, 6 young (6144K), 6 survivors (6144K)
 Metaspace       used 20675K, capacity 21126K, committed 21296K, reserved 1069056K
  class space    used 2222K, capacity 2322K, committed 2432K, reserved 1048576K
}
Event: 4.134 GC heap before
{Heap before GC invocations=3 (full 0):
 garbage-first heap   total 129024K, used 44083K [0x0000000083a00000, 0x0000000100000000)
  region size 1024K, 40 young (40960K), 6 survivors (6144K)
 Metaspace       used 28922K, capacity 29533K, committed 29872K, reserved 1075200K
  class space    used 3262K, capacity 3495K, committed 3584K, reserved 1048576K
}
Event: 4.141 GC heap after
{Heap after GC invocations=4 (full 0):
 garbage-first heap   total 129024K, used 11753K [0x0000000083a00000, 0x0000000100000000)
  region size 1024K, 5 young (5120K), 5 survivors (5120K)
 Metaspace       used 28922K, capacity 29533K, committed 29872K, reserved 1075200K
  class space    used 3262K, capacity 3495K, committed 3584K, reserved 1048576K
}

Deoptimization events (20 events):
Event: 4.782 Thread 0x00000167fa3ef000 DEOPT PACKING pc=0x00000167e1d61858 sp=0x00000013016fdc90
Event: 4.782 Thread 0x00000167fa3ef000 DEOPT UNPACKING pc=0x00000167e162a95e sp=0x00000013016fd148 mode 0
Event: 4.829 Thread 0x00000167fa3ee000 DEOPT PACKING pc=0x00000167e1d61858 sp=0x00000013018fe150
Event: 4.829 Thread 0x00000167fa3ee000 DEOPT UNPACKING pc=0x00000167e162a95e sp=0x00000013018fd608 mode 0
Event: 4.833 Thread 0x00000167fa3ee000 DEOPT PACKING pc=0x00000167e1d61858 sp=0x00000013018fdfd0
Event: 4.833 Thread 0x00000167fa3ee000 DEOPT UNPACKING pc=0x00000167e162a95e sp=0x00000013018fd488 mode 0
Event: 4.834 Thread 0x00000167fa3ee000 DEOPT PACKING pc=0x00000167e1d61858 sp=0x00000013018fe050
Event: 4.834 Thread 0x00000167fa3ee000 DEOPT UNPACKING pc=0x00000167e162a95e sp=0x00000013018fd508 mode 0
Event: 4.848 Thread 0x00000167fa3f0800 DEOPT PACKING pc=0x00000167e1d61858 sp=0x0000001301afe300
Event: 4.848 Thread 0x00000167fa3f0800 DEOPT UNPACKING pc=0x00000167e162a95e sp=0x0000001301afd7b8 mode 0
Event: 4.851 Thread 0x00000167fa3f0800 DEOPT PACKING pc=0x00000167e1d61858 sp=0x0000001301afe110
Event: 4.851 Thread 0x00000167fa3f0800 DEOPT UNPACKING pc=0x00000167e162a95e sp=0x0000001301afd5c8 mode 0
Event: 4.852 Thread 0x00000167fa3f0800 DEOPT PACKING pc=0x00000167e1d61858 sp=0x0000001301afe110
Event: 4.852 Thread 0x00000167fa3f0800 DEOPT UNPACKING pc=0x00000167e162a95e sp=0x0000001301afd5c8 mode 0
Event: 4.858 Thread 0x00000167fc84c000 DEOPT PACKING pc=0x00000167e1d61858 sp=0x0000001301cfdcf0
Event: 4.858 Thread 0x00000167fc84c000 DEOPT UNPACKING pc=0x00000167e162a95e sp=0x0000001301cfd1a8 mode 0
Event: 4.860 Thread 0x00000167fc84c000 DEOPT PACKING pc=0x00000167e1d61858 sp=0x0000001301cfdcf0
Event: 4.860 Thread 0x00000167fc84c000 DEOPT UNPACKING pc=0x00000167e162a95e sp=0x0000001301cfd1a8 mode 0
Event: 4.861 Thread 0x00000167fc84c000 DEOPT PACKING pc=0x00000167e1d61858 sp=0x0000001301cfdb00
Event: 4.861 Thread 0x00000167fc84c000 DEOPT UNPACKING pc=0x00000167e162a95e sp=0x0000001301cfcfb8 mode 0

Classes redefined (0 events):
No events

Internal exceptions (20 events):
Event: 3.429 Thread 0x00000167ddad7800 Exception <a 'sun/nio/fs/WindowsException'{0x000000008ab57670}> (0x000000008ab57670) thrown at [./src/hotspot/share/prims/jni.cpp, line 615]
Event: 3.430 Thread 0x00000167ddad7800 Exception <a 'sun/nio/fs/WindowsException'{0x000000008ab57fa8}> (0x000000008ab57fa8) thrown at [./src/hotspot/share/prims/jni.cpp, line 615]
Event: 3.434 Thread 0x00000167ddad7800 Exception <a 'sun/nio/fs/WindowsException'{0x000000008ab78280}> (0x000000008ab78280) thrown at [./src/hotspot/share/prims/jni.cpp, line 615]
Event: 3.434 Thread 0x00000167ddad7800 Exception <a 'sun/nio/fs/WindowsException'{0x000000008ab78bb8}> (0x000000008ab78bb8) thrown at [./src/hotspot/share/prims/jni.cpp, line 615]
Event: 3.796 Thread 0x00000167fa40c800 Exception <a 'java/lang/NoSuchMethodError'{0x0000000089681b28}: 'void java.lang.invoke.DirectMethodHandle$Holder.invokeStatic(java.lang.Object, long)'> (0x0000000089681b28) thrown at [./src/hotspot/share/interpreter/linkResolver.cpp, line 773]
Event: 3.797 Thread 0x00000167fa40c800 Exception <a 'java/lang/NoSuchMethodError'{0x0000000089686a90}: 'java.lang.Object java.lang.invoke.DirectMethodHandle$Holder.invokeStatic(java.lang.Object, long)'> (0x0000000089686a90) thrown at [./src/hotspot/share/interpreter/linkResolver.cpp, line 773]
Event: 3.803 Thread 0x00000167fa40c800 Exception <a 'java/lang/NoSuchMethodError'{0x0000000089694928}: 'java.lang.Object java.lang.invoke.DirectMethodHandle$Holder.invokeStaticInit(java.lang.Object, java.lang.Object, long, java.lang.Object)'> (0x0000000089694928) thrown at [./src/hotspot/share/interpreter/linkResolver.cpp, line 773]
Event: 3.803 Thread 0x00000167fa40c800 Exception <a 'java/lang/NoSuchMethodError'{0x000000008969a570}: 'java.lang.Object java.lang.invoke.DirectMethodHandle$Holder.invokeStatic(java.lang.Object, java.lang.Object, long)'> (0x000000008969a570) thrown at [./src/hotspot/share/interpreter/linkResolver.cpp, line 773]
Event: 3.804 Thread 0x00000167fa40c800 Exception <a 'java/lang/NoSuchMethodError'{0x00000000896a0598}: 'java.lang.Object java.lang.invoke.Invokers$Holder.linkToTargetMethod(java.lang.Object, long, java.lang.Object)'> (0x00000000896a0598) thrown at [./src/hotspot/share/interpreter/linkResolver.cpp, line 773]
Event: 3.925 Thread 0x00000167ddad7800 Exception <a 'java/lang/NoSuchMethodError'{0x0000000089617760}: 'java.lang.Object java.lang.invoke.DirectMethodHandle$Holder.invokeInterface(java.lang.Object, java.lang.Object, java.lang.Object, java.lang.Object)'> (0x0000000089617760) thrown at [./src/hotspot/share/interpreter/linkResolver.cpp, line 773]
Event: 4.037 Thread 0x00000167ddad7800 Exception <a 'java/lang/NoSuchMethodError'{0x0000000089650180}: 'void java.lang.invoke.DirectMethodHandle$Holder.invokeSpecial(java.lang.Object, java.lang.Object)'> (0x0000000089650180) thrown at [./src/hotspot/share/interpreter/linkResolver.cpp, line 773]
Event: 4.039 Thread 0x00000167ddad7800 Exception <a 'java/net/BindException'{0x000000008965f8c0}: Address already in use: bind> (0x000000008965f8c0) thrown at [./src/hotspot/share/prims/jni.cpp, line 636]
Event: 4.079 Thread 0x00000167ddad7800 Exception <a 'java/lang/NoSuchMethodError'{0x000000008926aba8}: 'long java.lang.invoke.DirectMethodHandle$Holder.invokeSpecial(java.lang.Object, java.lang.Object)'> (0x000000008926aba8) thrown at [./src/hotspot/share/interpreter/linkResolver.cpp, line 773]
Event: 4.097 Thread 0x00000167ddad7800 Exception <a 'java/lang/NoSuchMethodError'{0x0000000089176ff8}: 'java.lang.Object java.lang.invoke.Invokers$Holder.invoke_MT(java.lang.Object, java.lang.Object, java.lang.Object)'> (0x0000000089176ff8) thrown at [./src/hotspot/share/interpreter/linkResolver.cpp, line 773]
Event: 4.100 Thread 0x00000167ddad7800 Exception <a 'java/lang/NoSuchMethodError'{0x000000008918a388}: 'long java.lang.invoke.DelegatingMethodHandle$Holder.reinvoke_L(java.lang.Object, java.lang.Object)'> (0x000000008918a388) thrown at [./src/hotspot/share/interpreter/linkResolver.cpp, line 773]
Event: 4.834 Thread 0x00000167fa3ef000 Exception <a 'java/lang/OutOfMemoryError'{0x000000008aef3200}> (0x000000008aef3200) thrown at [./src/hotspot/share/prims/jni.cpp, line 615]
Event: 4.838 Thread 0x00000167fa3ee000 Exception <a 'java/lang/ClassNotFoundException'{0x000000008ac764c8}: sun/misc/SharedSecrets> (0x000000008ac764c8) thrown at [./src/hotspot/share/classfile/systemDictionary.cpp, line 231]
Event: 4.845 Thread 0x00000167fa3ee000 Exception <a 'java/lang/OutOfMemoryError'{0x000000008aca89b0}> (0x000000008aca89b0) thrown at [./src/hotspot/share/prims/jni.cpp, line 615]
Event: 4.856 Thread 0x00000167fa3f0800 Exception <a 'java/lang/OutOfMemoryError'{0x000000008aa734f8}> (0x000000008aa734f8) thrown at [./src/hotspot/share/prims/jni.cpp, line 615]
Event: 4.868 Thread 0x00000167fc84c000 Exception <a 'java/lang/OutOfMemoryError'{0x000000008a9ca118}> (0x000000008a9ca118) thrown at [./src/hotspot/share/prims/jni.cpp, line 615]

Events (20 events):
Event: 4.851 loading class io/grpc/internal/CensusTracingModule$2
Event: 4.851 loading class io/grpc/internal/CensusTracingModule$2 done
Event: 4.851 loading class io/opencensus/trace/Status
Event: 4.851 loading class io/opencensus/trace/Status done
Event: 4.851 loading class io/opencensus/trace/Status$CanonicalCode
Event: 4.851 loading class io/opencensus/trace/Status$CanonicalCode done
Event: 4.852 loading class com/android/tools/utp/plugins/result/listener/gradle/GradleAndroidTestResultListener$configure$responseObserver$1$onError$1
Event: 4.852 loading class com/android/tools/utp/plugins/result/listener/gradle/GradleAndroidTestResultListener$configure$responseObserver$1$onError$1 done
Event: 4.852 Executing VM operation: RevokeBias
Event: 4.853 Executing VM operation: RevokeBias done
Event: 4.853 Executing VM operation: RevokeBias
Event: 4.853 Executing VM operation: RevokeBias done
Event: 4.855 Executing VM operation: RevokeBias
Event: 4.855 Executing VM operation: RevokeBias done
Event: 4.856 Thread 0x00000167fc84c000 Thread added: 0x00000167fc84c000
Event: 4.856 Executing VM operation: RevokeBias
Event: 4.857 Executing VM operation: RevokeBias done
Event: 4.867 Executing VM operation: RevokeBias
Event: 4.867 Executing VM operation: RevokeBias done
Event: 4.868 Thread 0x00000167fc847000 Thread added: 0x00000167fc847000


Dynamic libraries:
0x00007ff77f1c0000 - 0x00007ff77f1ca000 	C:\Program Files\Android\Android Studio\jre\bin\java.exe
0x00007ffac6390000 - 0x00007ffac65a4000 	C:\WINDOWS\SYSTEM32\ntdll.dll
0x00007ffac5490000 - 0x00007ffac5553000 	C:\WINDOWS\System32\KERNEL32.DLL
0x00007ffac3de0000 - 0x00007ffac417d000 	C:\WINDOWS\System32\KERNELBASE.dll
0x00007ffac3ae0000 - 0x00007ffac3bf1000 	C:\WINDOWS\System32\ucrtbase.dll
0x00007ffaaeee0000 - 0x00007ffaaeef9000 	C:\Program Files\Android\Android Studio\jre\bin\jli.dll
0x00007ffaaea50000 - 0x00007ffaaea67000 	C:\Program Files\Android\Android Studio\jre\bin\VCRUNTIME140.dll
0x00007ffac5960000 - 0x00007ffac5b0d000 	C:\WINDOWS\System32\USER32.dll
0x00007ffac38d0000 - 0x00007ffac38f6000 	C:\WINDOWS\System32\win32u.dll
0x00007ffac5e20000 - 0x00007ffac5e49000 	C:\WINDOWS\System32\GDI32.dll
0x00007ffac37b0000 - 0x00007ffac38c2000 	C:\WINDOWS\System32\gdi32full.dll
0x00007ffac3d40000 - 0x00007ffac3dda000 	C:\WINDOWS\System32\msvcp_win.dll
0x00007ffaa7d40000 - 0x00007ffaa7fce000 	C:\WINDOWS\WinSxS\amd64_microsoft.windows.common-controls_6595b64144ccf1df_6.0.22621.608_none_a9444ca7c10bb01d\COMCTL32.dll
0x00007ffac4f30000 - 0x00007ffac4fd7000 	C:\WINDOWS\System32\msvcrt.dll
0x00007ffac41a0000 - 0x00007ffac41d2000 	C:\WINDOWS\System32\IMM32.DLL
0x00007ffaabf50000 - 0x00007ffaabfed000 	C:\Program Files\Android\Android Studio\jre\bin\msvcp140.dll
0x00007ffa6bbd0000 - 0x00007ffa6c6b5000 	C:\Program Files\Android\Android Studio\jre\bin\server\jvm.dll
0x00007ffac5bd0000 - 0x00007ffac5c7e000 	C:\WINDOWS\System32\ADVAPI32.dll
0x00007ffac5b10000 - 0x00007ffac5bb4000 	C:\WINDOWS\System32\sechost.dll
0x00007ffac4290000 - 0x00007ffac43a5000 	C:\WINDOWS\System32\RPCRT4.dll
0x00007ffac5480000 - 0x00007ffac5488000 	C:\WINDOWS\System32\PSAPI.DLL
0x00007ffab8120000 - 0x00007ffab8154000 	C:\WINDOWS\SYSTEM32\WINMM.dll
0x00007ffac2260000 - 0x00007ffac226a000 	C:\WINDOWS\SYSTEM32\VERSION.dll
0x00007ffa9e5b0000 - 0x00007ffa9e5b9000 	C:\WINDOWS\SYSTEM32\WSOCK32.dll
0x00007ffac62d0000 - 0x00007ffac6341000 	C:\WINDOWS\System32\WS2_32.dll
0x00007ffac2670000 - 0x00007ffac2688000 	C:\WINDOWS\SYSTEM32\kernel.appcore.dll
0x00007ffaaf030000 - 0x00007ffaaf041000 	C:\Program Files\Android\Android Studio\jre\bin\verify.dll
0x00007ffabd300000 - 0x00007ffabd52e000 	C:\WINDOWS\SYSTEM32\DBGHELP.DLL
0x00007ffac43b0000 - 0x00007ffac473a000 	C:\WINDOWS\System32\combase.dll
0x00007ffac5560000 - 0x00007ffac5637000 	C:\WINDOWS\System32\OLEAUT32.dll
0x00007ffaa2a60000 - 0x00007ffaa2a92000 	C:\WINDOWS\SYSTEM32\dbgcore.DLL
0x00007ffac3c00000 - 0x00007ffac3c7b000 	C:\WINDOWS\System32\bcryptPrimitives.dll
0x00007ffaae280000 - 0x00007ffaae2a9000 	C:\Program Files\Android\Android Studio\jre\bin\java.dll
0x00007ffaaf6f0000 - 0x00007ffaaf6fb000 	C:\Program Files\Android\Android Studio\jre\bin\jimage.dll
0x00007ffaae260000 - 0x00007ffaae278000 	C:\Program Files\Android\Android Studio\jre\bin\zip.dll
0x00007ffac4740000 - 0x00007ffac4f2f000 	C:\WINDOWS\System32\SHELL32.dll
0x00007ffac12d0000 - 0x00007ffac1b98000 	C:\WINDOWS\SYSTEM32\windows.storage.dll
0x00007ffac1190000 - 0x00007ffac12ce000 	C:\WINDOWS\SYSTEM32\wintypes.dll
0x00007ffac5860000 - 0x00007ffac5951000 	C:\WINDOWS\System32\SHCORE.dll
0x00007ffac41e0000 - 0x00007ffac423e000 	C:\WINDOWS\System32\shlwapi.dll
0x00007ffac36e0000 - 0x00007ffac3701000 	C:\WINDOWS\SYSTEM32\profapi.dll
0x00007ffaae240000 - 0x00007ffaae25a000 	C:\Program Files\Android\Android Studio\jre\bin\net.dll
0x00007ffac26e0000 - 0x00007ffac280f000 	C:\WINDOWS\SYSTEM32\WINHTTP.dll
0x00007ffac2c50000 - 0x00007ffac2cb9000 	C:\WINDOWS\system32\mswsock.dll
0x00007ffaaa410000 - 0x00007ffaaa424000 	C:\Program Files\Android\Android Studio\jre\bin\nio.dll
0x00007ffaaeec0000 - 0x00007ffaaeeca000 	C:\Program Files\Android\Android Studio\jre\bin\management.dll
0x00007ffaae7c0000 - 0x00007ffaae7cd000 	C:\Program Files\Android\Android Studio\jre\bin\management_ext.dll
0x00007ffac2ef0000 - 0x00007ffac2f0b000 	C:\WINDOWS\SYSTEM32\CRYPTSP.dll
0x00007ffac2630000 - 0x00007ffac2665000 	C:\WINDOWS\system32\rsaenh.dll
0x00007ffac2cf0000 - 0x00007ffac2d18000 	C:\WINDOWS\SYSTEM32\USERENV.dll
0x00007ffac3010000 - 0x00007ffac3038000 	C:\WINDOWS\SYSTEM32\bcrypt.dll
0x00007ffac2ed0000 - 0x00007ffac2edc000 	C:\WINDOWS\SYSTEM32\CRYPTBASE.dll
0x00007ffac1e50000 - 0x00007ffac1e7d000 	C:\WINDOWS\SYSTEM32\IPHLPAPI.DLL
0x00007ffac6070000 - 0x00007ffac6079000 	C:\WINDOWS\System32\NSI.dll
0x00007ffab6dc0000 - 0x00007ffab6dd9000 	C:\WINDOWS\SYSTEM32\dhcpcsvc6.DLL
0x00007ffab6da0000 - 0x00007ffab6dbf000 	C:\WINDOWS\SYSTEM32\dhcpcsvc.DLL
0x00007ffac1e80000 - 0x00007ffac1f72000 	C:\WINDOWS\SYSTEM32\DNSAPI.dll
0x00007ffaa9c90000 - 0x00007ffaa9cb7000 	C:\Program Files\Android\Android Studio\jre\bin\sunec.dll
0x00007ffab5da0000 - 0x00007ffab5daa000 	C:\Windows\System32\rasadhlp.dll
0x00007ffab9030000 - 0x00007ffab90b3000 	C:\WINDOWS\System32\fwpuclnt.dll
0x00007ffa8dd80000 - 0x00007ffa8dd97000 	C:\WINDOWS\system32\napinsp.dll
0x00007ffa8dd60000 - 0x00007ffa8dd7b000 	C:\WINDOWS\system32\pnrpnsp.dll
0x00007ffa8dd40000 - 0x00007ffa8dd51000 	C:\WINDOWS\System32\winrnr.dll
0x00007ffab5df0000 - 0x00007ffab5e05000 	C:\WINDOWS\system32\wshbth.dll
0x00007ffa8dd10000 - 0x00007ffa8dd31000 	C:\WINDOWS\system32\nlansp_c.dll

dbghelp: loaded successfully - version: 4.0.5 - missing functions: none
symbol engine: initialized successfully - sym options: 0x614 - pdb path: .;C:\Program Files\Android\Android Studio\jre\bin;C:\WINDOWS\SYSTEM32;C:\WINDOWS\WinSxS\amd64_microsoft.windows.common-controls_6595b64144ccf1df_6.0.22621.608_none_a9444ca7c10bb01d;C:\Program Files\Android\Android Studio\jre\bin\server

VM Arguments:
jvm_args: -Djava.awt.headless=true -Djava.util.logging.config.file=C:\Users\dbjunior\.android\utp\logging8253315720410955009properties -Dfile.encoding=UTF-8 -Duser.country=BR -Duser.language=pt -Duser.variant 
java_command: com.google.testing.platform.launcher.Launcher C:\Users\dbjunior\.gradle\caches\modules-2\files-2.1\com.google.testing.platform\core\0.0.8-alpha07\185ff5f0c2380a7a283320bc5ec9130dbcbbb030\core-0.0.8-alpha07.jar --proto_config=C:\Users\dbjunior\.android\utp\runnerConfig11959102516432722811.pb --proto_server_config=C:\Users\dbjunior\.android\utp\serverConfig6604307599364166378.pb
java_class_path (initial): C:\Users\dbjunior\.gradle\caches\modules-2\files-2.1\com.google.testing.platform\launcher\0.0.8-alpha07\47d15094202612b26f5a07fbfbe17ff8900a58c4\launcher-0.0.8-alpha07.jar
Launcher Type: SUN_STANDARD

[Global flags]
     intx CICompilerCount                          = 4                                         {product} {ergonomic}
     uint ConcGCThreads                            = 2                                         {product} {ergonomic}
     uint G1ConcRefinementThreads                  = 8                                         {product} {ergonomic}
   size_t G1HeapRegionSize                         = 1048576                                   {product} {ergonomic}
    uintx GCDrainStackTargetSize                   = 64                                        {product} {ergonomic}
   size_t InitialHeapSize                          = 132120576                                 {product} {ergonomic}
   size_t MarkStackSize                            = 4194304                                   {product} {ergonomic}
   size_t MaxHeapSize                              = 2086666240                                {product} {ergonomic}
   size_t MaxNewSize                               = 1251999744                                {product} {ergonomic}
   size_t MinHeapDeltaBytes                        = 1048576                                   {product} {ergonomic}
    uintx NonNMethodCodeHeapSize                   = 5836300                                {pd product} {ergonomic}
    uintx NonProfiledCodeHeapSize                  = 122910970                              {pd product} {ergonomic}
    uintx ProfiledCodeHeapSize                     = 122910970                              {pd product} {ergonomic}
    uintx ReservedCodeCacheSize                    = 251658240                              {pd product} {ergonomic}
     bool SegmentedCodeCache                       = true                                      {product} {ergonomic}
     bool UseCompressedClassPointers               = true                                 {lp64_product} {ergonomic}
     bool UseCompressedOops                        = true                                 {lp64_product} {ergonomic}
     bool UseG1GC                                  = true                                      {product} {ergonomic}
     bool UseLargePagesIndividualAllocation        = false                                  {pd product} {ergonomic}

Logging:
Log output configuration:
 #0: stdout all=warning uptime,level,tags
 #1: stderr all=off uptime,level,tags

Environment Variables:
JAVA_HOME=C:\Program Files\Java\jdk-18.0.2.1
PATH=C:\Program Files\Common Files\Oracle\Java\javapath;C:\Program Files (x86)\Common Files\Oracle\Java\javapath;C:\WINDOWS\system32;C:\WINDOWS;C:\WINDOWS\System32\Wbem;C:\WINDOWS\System32\WindowsPowerShell\v1.0\;C:\WINDOWS\System32\OpenSSH\;C:\Program Files (x86)\dotnet\;C:\Program Files\Java\jdk-18.0.2.1\bin;C:\Program Files\Git\cmd;C:\Program Files\dotnet\;C:\Users\dbjunior\AppData\Local\Microsoft\WindowsApps;;C:\Users\dbjunior\AppData\Local\Programs\Microsoft VS Code\bin
USERNAME=dbjunior
OS=Windows_NT
PROCESSOR_IDENTIFIER=Intel64 Family 6 Model 142 Stepping 12, GenuineIntel



---------------  S Y S T E M  ---------------

OS: Windows 10 , 64 bit Build 22621 (10.0.22621.1105)
OS uptime: 4 days 1:05 hours
Hyper-V role detected

CPU:total 8 (initial active 8) (4 cores per cpu, 2 threads per core) family 6 model 142 stepping 12 microcode 0xde, cmov, cx8, fxsr, mmx, sse, sse2, sse3, ssse3, sse4.1, sse4.2, popcnt, avx, avx2, aes, clmul, erms, 3dnowpref, lzcnt, ht, tsc, tscinvbit, bmi1, bmi2, adx, fma

Memory: 4k page, system-wide physical 7952M (239M free)
TotalPageFile size 32528M (AvailPageFile size 3M)
current process WorkingSet (physical memory assigned to process): 165M, peak: 169M
current process commit charge ("private bytes"): 277M, peak: 294M

vm_info: OpenJDK 64-Bit Server VM (11.0.12+7-b1504.28-7817840) for windows-amd64 JRE (11.0.12+7-b1504.28-7817840), built on Oct 13 2021 22:12:33 by "builder" with MS VC++ 14.0 (VS2015)

END.
